==============================================
   meme 5.0.5: tests/scripts/test-suite.log
==============================================

# TOTAL: 148
# PASS:  133
# SKIP:  9
# XFAIL: 0
# FAIL:  6
# XPASS: 0
# ERROR: 0

.. contents:: :depth: 2

RUN: motif-in
=============

*******************************************************************************
Generating meme motifs...
meme -oc results/motif.meme.crp0 -nostatus -p 5 -dna -nmotifs 3 common/crp0.s
Option '-p' given but Parallel MEME not configured. Running Serial MEME.
*******************************************************************************
Test motif-in.meme.crp0.text ...
meme2images -eps results/motif.meme.crp0/meme.txt results/motif-in.meme.crp0.text
PASSED!
*******************************************************************************
Test motif-in.meme.crp0.xml ...
meme2images -eps results/motif.meme.crp0/meme.xml results/motif-in.meme.crp0.xml
PASSED!
*******************************************************************************
Test motif-in.meme.crp0.html ...
meme2images -eps results/motif.meme.crp0/meme.html results/motif-in.meme.crp0.html
PASSED!
*******************************************************************************
Generating meme motifs...
meme -oc results/motif.meme.lipocalin -nostatus -p 5 -protein -nmotifs 3 common/lipocalin.s
Option '-p' given but Parallel MEME not configured. Running Serial MEME.
*******************************************************************************
Test motif-in.meme.lipocalin.text ...
meme2images -eps results/motif.meme.lipocalin/meme.txt results/motif-in.meme.lipocalin.text
PASSED!
*******************************************************************************
Test motif-in.meme.lipocalin.xml ...
meme2images -eps results/motif.meme.lipocalin/meme.xml results/motif-in.meme.lipocalin.xml
PASSED!
*******************************************************************************
Test motif-in.meme.lipocalin.html ...
meme2images -eps results/motif.meme.lipocalin/meme.html results/motif-in.meme.lipocalin.html
PASSED!
*******************************************************************************
Generating meme motifs...
meme -oc results/motif.meme.puf3p -nostatus -p 5 -rna -nmotifs 3 common/Puf3p-20.s
Option '-p' given but Parallel MEME not configured. Running Serial MEME.
*******************************************************************************
Test motif-in.meme.puf3p.text ...
meme2images -eps results/motif.meme.puf3p/meme.txt results/motif-in.meme.puf3p.text
PASSED!
*******************************************************************************
Test motif-in.meme.puf3p.xml ...
meme2images -eps results/motif.meme.puf3p/meme.xml results/motif-in.meme.puf3p.xml
PASSED!
*******************************************************************************
Test motif-in.meme.puf3p.html ...
meme2images -eps results/motif.meme.puf3p/meme.html results/motif-in.meme.puf3p.html
PASSED!
*******************************************************************************
Generating meme motifs...
meme -oc results/motif.meme.crp0.extdna -nostatus -p 5 -alph common/extended_dna.alph -nmotifs 3 common/crp0.s
Option '-p' given but Parallel MEME not configured. Running Serial MEME.
*******************************************************************************
Test motif-in.meme.crp0.extdna.text ...
meme2images -eps results/motif.meme.crp0.extdna/meme.txt results/motif-in.meme.crp0.extdna.text
PASSED!
*******************************************************************************
Test motif-in.meme.crp0.extdna.xml ...
meme2images -eps results/motif.meme.crp0.extdna/meme.xml results/motif-in.meme.crp0.extdna.xml
PASSED!
*******************************************************************************
Test motif-in.meme.crp0.extdna.html ...
meme2images -eps results/motif.meme.crp0.extdna/meme.html results/motif-in.meme.crp0.extdna.html
PASSED!
*******************************************************************************
Generating dreme motifs...
dreme -oc results/motif.dreme.klf1 -m 2 -p common/Klf1-200-100.fa -n common/Klf1-200-100-shuffled.fa
  File "/home/yincp/Desktop/Predictive_for_efhand/src/preprocessing/meme_suite/meme/scripts/dreme", line 765
    print "Finding secondary RE in left flank..."
                                                ^
SyntaxError: Missing parentheses in call to 'print'. Did you mean print("Finding secondary RE in left flank...")?
*******************************************************************************
Test motif-in.dreme.klf1.text ...
SKIPPED!
*******************************************************************************
Test motif-in.dreme.klf1.xml ...
SKIPPED!
*******************************************************************************
Test motif-in.dreme.klf1.html ...
SKIPPED!
*******************************************************************************
Generating dreme motifs...
dreme -oc results/motif.dreme.klf1.extdna -alph common/extended_dna.alph -m 2 -p common/Klf1-200-100.fa -n common/Klf1-200-100-shuffled.fa
  File "/home/yincp/Desktop/Predictive_for_efhand/src/preprocessing/meme_suite/meme/scripts/dreme", line 765
    print "Finding secondary RE in left flank..."
                                                ^
SyntaxError: Missing parentheses in call to 'print'. Did you mean print("Finding secondary RE in left flank...")?
*******************************************************************************
Test motif-in.dreme.klf1.extdna.text ...
SKIPPED!
*******************************************************************************
Test motif-in.dreme.klf1.extdna.xml ...
SKIPPED!
*******************************************************************************
Test motif-in.dreme.klf1.extdna.html ...
SKIPPED!
*******************************************************************************
Generating dreme motifs...
dreme -oc results/motif.dreme.puf3p -rna -m 3 -p common/Puf3p.s
  File "/home/yincp/Desktop/Predictive_for_efhand/src/preprocessing/meme_suite/meme/scripts/dreme", line 765
    print "Finding secondary RE in left flank..."
                                                ^
SyntaxError: Missing parentheses in call to 'print'. Did you mean print("Finding secondary RE in left flank...")?
*******************************************************************************
Test motif-in.dreme.puf3p.text ...
SKIPPED!
*******************************************************************************
Test motif-in.dreme.puf3p.xml ...
SKIPPED!
*******************************************************************************
Test motif-in.dreme.puf3p.html ...
SKIPPED!

RUN: ama
========

*******************************************************************************
Test ama1 ...
ama --verbosity 1 --scoring max-odds gomo/motif.meme.txt gomo/seqs.fasta gomo/seqs.bg 1> results/ama1/ama_jb4zu_stdout 2> log
reference gomo/ama.withMaxodds.xml output results/ama1/ama_jb4zu_stdout
PASSED!
*******************************************************************************
Test ama2 ...
ama --pvalues --verbosity 1 --cs gomo/motif.meme.txt gomo/seqs_red.fasta gomo/seqs.norc.bg 1> results/ama2/ama_IHpsZ_stdout 2> log
reference gomo/ama.redundant.xml output results/ama2/ama_IHpsZ_stdout
PASSED!

RUN: ame
========

*******************************************************************************
Test ame1 ...
ame --verbose 1 --method fisher --scoring totalhits --oc results/ame1 --evalue-report-threshold 2 --hit-lo-fraction 0.85 --bgfile --uniform-- common/Klf1-200-100.combined.fa common/Jaspar-subset.meme common/Jaspar-subset2.meme &> log
reference ame/ame.fisher.totalhits.no_control.html output results/ame1/ame.html
reference ame/ame.fisher.totalhits.no_control.tsv output results/ame1/ame.tsv
reference ame/ame.fisher.totalhits.no_control.sequences.tsv output results/ame1/sequences.tsv
PASSED!
*******************************************************************************
Test ame2 ...
ame --verbose 1 --method fisher --scoring totalhits --oc results/ame2 --evalue-report-threshold 2 --hit-lo-fraction 0.85 --bgfile --motif-- -motif-pseudo 0 --control --shuffle-- --seed 5 common/Klf1-200-100.fa common/Jaspar-subset.meme common/Jaspar-subset2.meme &> log
reference ame/ame.fisher.totalhits.control.html output results/ame2/ame.html
reference ame/ame.fisher.totalhits.control.tsv output results/ame2/ame.tsv
reference ame/ame.fisher.totalhits.control.sequences.tsv output results/ame2/sequences.tsv
PASSED!
*******************************************************************************
Test ame3 ...
ame --verbose 1 --method fisher --scoring totalhits --oc results/ame3 --evalue-report-threshold 2 --hit-lo-fraction 0.85 --fix-partition 169 common/Klf1-200-100.combined.nofasta.fa common/Jaspar-subset.meme common/Jaspar-subset2.meme &> log
reference ame/ame.fisher.totalhits.fix-partition.html output results/ame3/ame.html
reference ame/ame.fisher.totalhits.fix-partition.tsv output results/ame3/ame.tsv
reference ame/ame.fisher.totalhits.fix-partition.sequences.tsv output results/ame3/sequences.tsv
PASSED!
*******************************************************************************
Test ame4 ...
ame --verbose 1 --method fisher --scoring avg --oc results/ame4 --evalue-report-threshold 2 --bgfile --uniform-- --poslist fasta --hit-lo-fraction 0.85 common/Klf1-200-100.combined.fa common/Jaspar-subset.meme common/Jaspar-subset2.meme &> log
reference ame/ame.fisher.avg.no_control.html output results/ame4/ame.html
reference ame/ame.fisher.avg.no_control.tsv output results/ame4/ame.tsv
reference ame/ame.fisher.avg.no_control.sequences.tsv output results/ame4/sequences.tsv
PASSED!
*******************************************************************************
Test ame5 ...
ame --verbose 1 --method fisher --scoring avg --oc results/ame5 --evalue-report-threshold 2 --bgfile --motif-- -motif-pseudo 0 --control --shuffle-- --kmer 1 common/Klf1-200-100.fa common/Jaspar-subset.meme common/Jaspar-subset2.meme &> log
reference ame/ame.fisher.avg.control.html output results/ame5/ame.html
reference ame/ame.fisher.avg.control.tsv output results/ame5/ame.tsv
reference ame/ame.fisher.avg.control.sequences.tsv output results/ame5/sequences.tsv
PASSED!
*******************************************************************************
Test ame6 ...
ame --verbose 1 --method fisher --scoring avg --oc results/ame6 --evalue-report-threshold 2 --fix-partition 169 common/Klf1-200-100.combined.nofasta.fa common/Jaspar-subset.meme common/Jaspar-subset2.meme &> log
reference ame/ame.fisher.avg.fix-partition.html output results/ame6/ame.html
reference ame/ame.fisher.avg.fix-partition.tsv output results/ame6/ame.tsv
reference ame/ame.fisher.avg.fix-partition.sequences.tsv output results/ame6/sequences.tsv
PASSED!
*******************************************************************************
Test ame7 ...
ame --verbose 1 --method ranksum --scoring totalhits --oc results/ame7 --evalue-report-threshold 100 --hit-lo-fraction 0.85 --bgfile --uniform-- common/Klf1-200-100.combined.fa common/Jaspar-subset.meme common/Jaspar-subset2.meme &> log
reference ame/ame.ranksum.totalhits.no_control.html output results/ame7/ame.html
reference ame/ame.ranksum.totalhits.no_control.tsv output results/ame7/ame.tsv
PASSED!
*******************************************************************************
Test ame8 ...
ame --verbose 1 --method ranksum --scoring totalhits --oc results/ame8 --evalue-report-threshold 100 --hit-lo-fraction 0.85 --bgfile --motif-- -motif-pseudo 0 --control common/Klf1-200-100-shuffled.fa common/Klf1-200-100.fa common/Jaspar-subset.meme common/Jaspar-subset2.meme &> log
reference ame/ame.ranksum.totalhits.control.html output results/ame8/ame.html
reference ame/ame.ranksum.totalhits.control.tsv output results/ame8/ame.tsv
PASSED!
*******************************************************************************
Test ame9 ...
ame --verbose 1 --method ranksum --scoring totalhits --oc results/ame9 --evalue-report-threshold 100 --hit-lo-fraction 0.85 --fix-partition 169 common/Klf1-200-100.combined.nofasta.fa common/Jaspar-subset.meme common/Jaspar-subset2.meme &> log
reference ame/ame.ranksum.totalhits.fix-partition.html output results/ame9/ame.html
reference ame/ame.ranksum.totalhits.fix-partition.tsv output results/ame9/ame.tsv
PASSED!
*******************************************************************************
Test ame10 ...
ame --verbose 1 --method ranksum --scoring avg --oc results/ame10 --evalue-report-threshold 100 --bgfile --uniform-- --poslist fasta --hit-lo-fraction 0.85 common/Klf1-200-100.combined.fa common/Jaspar-subset.meme common/Jaspar-subset2.meme &> log
reference ame/ame.ranksum.avg.no_control.html output results/ame10/ame.html
reference ame/ame.ranksum.avg.no_control.tsv output results/ame10/ame.tsv
PASSED!
*******************************************************************************
Test ame11 ...
ame --verbose 1 --method ranksum --scoring avg --oc results/ame11 --evalue-report-threshold 100 --bgfile --motif-- -motif-pseudo 0 --control common/Klf1-200-100-shuffled.fa common/Klf1-200-100.fa common/Jaspar-subset.meme common/Jaspar-subset2.meme &> log
reference ame/ame.ranksum.avg.control.html output results/ame11/ame.html
reference ame/ame.ranksum.avg.control.tsv output results/ame11/ame.tsv
PASSED!
*******************************************************************************
Test ame12 ...
ame --verbose 1 --method ranksum --scoring avg --oc results/ame12 --evalue-report-threshold 100 --fix-partition 169 common/Klf1-200-100.combined.nofasta.fa common/Jaspar-subset.meme common/Jaspar-subset2.meme &> log
reference ame/ame.ranksum.avg.fix-partition.html output results/ame12/ame.html
reference ame/ame.ranksum.avg.fix-partition.tsv output results/ame12/ame.tsv
PASSED!
*******************************************************************************
Test ame13 ...
ame --oc results/ame13 --verbose 1 --xalph common/dna_with_covalent.alph --inc MA00\* --inc MA04\* --exc MA007\* --inc T\* --bgfile common/dna_with_covalent.bg --kmer 1 --control --shuffle-- --motif-pseudo 1 common/dna_with_covalent.fa common/Jaspar-subset.meme common/Jaspar-subset2.meme common/dna_with_covalent.meme &> log
reference ame/ame.dna_with_covalent.html output results/ame13/ame.html
reference ame/ame.dna_with_covalent.tsv output results/ame13/ame.tsv
reference ame/ame.dna_with_covalent.sequences.tsv output results/ame13/sequences.tsv
PASSED!

RUN: centrimo
=============

*******************************************************************************
Test centrimo1 ...
centrimo --verbosity 1 --oc results/centrimo1 --flip --motif-pseudo 1 common/Klf1.fa centrimo/dreme-Klf1.xml &> log
reference centrimo/seq_bg_site_counts.txt output results/centrimo1/site_counts.txt
reference centrimo/seq_bg_centrimo.tsv output results/centrimo1/centrimo.tsv
reference centrimo/seq_bg_centrimo.html output results/centrimo1/centrimo.html
PASSED!
*******************************************************************************
Test centrimo2 ...
centrimo --verbosity 1 --oc results/centrimo2 --flip --bfile --motif-- --motif-pseudo 1 common/Klf1.fa centrimo/dreme-Klf1.xml &> log
reference centrimo/motif_bg_site_counts.txt output results/centrimo2/site_counts.txt
reference centrimo/motif_bg_centrimo.tsv output results/centrimo2/centrimo.tsv
reference centrimo/motif_bg_centrimo.html output results/centrimo2/centrimo.html
PASSED!
*******************************************************************************
Test centrimo3 ...
centrimo --verbosity 1 --oc results/centrimo3 --flip --bfile --uniform-- --motif-pseudo 1 common/Klf1.fa centrimo/dreme-Klf1.xml &> log
reference centrimo/uni_bg_site_counts.txt output results/centrimo3/site_counts.txt
reference centrimo/uni_bg_centrimo.tsv output results/centrimo3/centrimo.tsv
reference centrimo/uni_bg_centrimo.html output results/centrimo3/centrimo.html
PASSED!
*******************************************************************************
Test centrimo4 ...
centrimo --oc results/centrimo4 --verbosity 1 --cd --xalph common/dna_with_covalent.alph --noseq --inc MA00\* --inc MA04\* --exc MA007\* --inc T\* common/dna_with_covalent.fa common/Jaspar-subset.meme common/Jaspar-subset2.meme common/dna_with_covalent.meme &> log
reference centrimo/dna_with_covalent_site_counts.txt output results/centrimo4/site_counts.txt
reference centrimo/dna_with_covalent_centrimo.tsv output results/centrimo4/centrimo.tsv
reference centrimo/dna_with_covalent_centrimo.html output results/centrimo4/centrimo.html
PASSED!
*******************************************************************************
Test centrimo5 ...
centrimo --verbosity 1 --oc results/centrimo5 --neg common/Klf1-200.fa --motif-pseudo 1 common/Klf1.fa common/Jaspar-subset.meme &> log
reference centrimo/neg_site_counts.txt output results/centrimo5/site_counts.txt
reference centrimo/neg_centrimo.tsv output results/centrimo5/centrimo.tsv
reference centrimo/neg_centrimo.html output results/centrimo5/centrimo.html
PASSED!
*******************************************************************************
Test centrimo6 ...
centrimo --verbosity 1 --oc results/centrimo6 --cd -flip --motif-pseudo 1 --ethresh 1e-43 common/Klf1.fa centrimo/dreme-Klf1.xml &> log
reference centrimo/cd_seq_bg_site_counts.txt output results/centrimo6/site_counts.txt
reference centrimo/cd_seq_bg_centrimo.tsv output results/centrimo6/centrimo.tsv
reference centrimo/cd_seq_bg_centrimo.html output results/centrimo6/centrimo.html
PASSED!
*******************************************************************************
Test centrimo7 ...
centrimo --verbosity 1 --oc results/centrimo7 --ethresh 0.03 --local --sep --neg common/Klf1-200.fa --motif-pseudo 1 --bfile common/non-uniform.bg common/Klf1.fa common/Jaspar-subset.meme &> log
reference centrimo/local_neg_site_counts.txt output results/centrimo7/site_counts.txt
reference centrimo/local_neg_centrimo.tsv output results/centrimo7/centrimo.tsv
reference centrimo/local_neg_centrimo.html output results/centrimo7/centrimo.html
PASSED!
*******************************************************************************
Test centrimo8 ...
centrimo --verbosity 1 --oc results/centrimo8 --neg common/Klf1-200.fa --use-lo-fraction --motif-pseudo 1 common/Klf1.fa common/Jaspar-subset.meme &> log
reference centrimo/neg_lo_site_counts.txt output results/centrimo8/site_counts.txt
reference centrimo/neg_lo_centrimo.tsv output results/centrimo8/centrimo.tsv
reference centrimo/neg_lo_centrimo.html output results/centrimo8/centrimo.html
PASSED!
*******************************************************************************
Test centrimo9 ...
centrimo --verbosity 1 --oc results/centrimo9 --neg common/Klf1-200.fa --use-pvalues --score 0.1 --motif-pseudo 1 common/Klf1.fa common/Jaspar-subset.meme &> log
reference centrimo/neg_pv_site_counts.txt output results/centrimo9/site_counts.txt
reference centrimo/neg_pv_centrimo.tsv output results/centrimo9/centrimo.tsv
reference centrimo/neg_pv_centrimo.html output results/centrimo9/centrimo.html
PASSED!

RUN: create_priors
==================

*******************************************************************************
Test create-priors1 ...
create-priors -oc results/create-priors1 create-priors/chrX.fa create-priors/DNaseHS_gm12878.wig &> log
Creating priors with alpha=1.0 and beta=10000
Sequence size is 3000000 bases.
Scores were observed for 4140 bases.
Minimum score is 1
Median score is 1
Maximum score is 3.97638
Sum of scores is 7156.07
Sum of un-normalized priors is 762695
Sum of normalized priors = 10000
Sum of prior distribution = 1
reference create-priors/priors.wig output results/create-priors1/priors.wig
PASSED!
*******************************************************************************
Test create-priors2 ...
create-priors -oc results/create-priors2 create-priors/chrX.fa create-priors/DNaseHS_gm12878.wig &> log
Creating priors with alpha=1.0 and beta=10000
Sequence size is 3000000 bases.
Scores were observed for 4140 bases.
Minimum score is 1
Median score is 1
Maximum score is 3.97638
Sum of scores is 7156.07
Sum of un-normalized priors is 762695
Sum of normalized priors = 10000
Sum of prior distribution = 1
reference create-priors/priors.dist output results/create-priors2/priors.dist
PASSED!

RUN: dreme
==========

*******************************************************************************
Test dreme1 ...
dreme -oc results/dreme1 -verbosity 1 -p common/Klf1-200-100.fa -n common/Klf1-200-100-shuffled.fa &> log
  File "/home/yincp/Desktop/Predictive_for_efhand/src/preprocessing/meme_suite/meme/scripts/dreme", line 765
    print "Finding secondary RE in left flank..."
                                                ^
SyntaxError: Missing parentheses in call to 'print'. Did you mean print("Finding secondary RE in left flank...")?
-------------------------------------------------------------------------------
dreme exited with value 1 indicating failure.
FAILED!
*******************************************************************************
Test dreme2 ...
dreme -norc -oc results/dreme2 -verbosity 1 -p common/Klf1-200-100.fa -n common/Klf1-200-100-shuffled.fa &> log
  File "/home/yincp/Desktop/Predictive_for_efhand/src/preprocessing/meme_suite/meme/scripts/dreme", line 765
    print "Finding secondary RE in left flank..."
                                                ^
SyntaxError: Missing parentheses in call to 'print'. Did you mean print("Finding secondary RE in left flank...")?
-------------------------------------------------------------------------------
dreme exited with value 1 indicating failure.
FAILED!
*******************************************************************************
Test dreme3 ...
dreme-py3 -oc results/dreme3 -verbosity 1 -p common/Klf1-200-100.fa -n common/Klf1-200-100-shuffled.fa &> log
/home/yincp/Desktop/Predictive_for_efhand/src/preprocessing/meme_suite/meme/scripts/dreme-py3:1783: DeprecationWarning: time.clock has been deprecated in Python 3.3 and will be removed from Python 3.8: use time.perf_counter or time.process_time instead
  start_clock = time.clock()
/home/yincp/Desktop/Predictive_for_efhand/src/preprocessing/meme_suite/meme/scripts/dreme-py3:1446: DeprecationWarning: time.clock has been deprecated in Python 3.3 and will be removed from Python 3.8: use time.perf_counter or time.process_time instead
  cpu_elapsed = time.clock() - start_clock
reference dreme/basic.xml output results/dreme3/dreme.xml
PASSED!
*******************************************************************************
Test dreme4 ...
dreme-py3 -norc -oc results/dreme4 -verbosity 1 -p common/Klf1-200-100.fa -n common/Klf1-200-100-shuffled.fa &> log
/home/yincp/Desktop/Predictive_for_efhand/src/preprocessing/meme_suite/meme/scripts/dreme-py3:1783: DeprecationWarning: time.clock has been deprecated in Python 3.3 and will be removed from Python 3.8: use time.perf_counter or time.process_time instead
  start_clock = time.clock()
/home/yincp/Desktop/Predictive_for_efhand/src/preprocessing/meme_suite/meme/scripts/dreme-py3:1446: DeprecationWarning: time.clock has been deprecated in Python 3.3 and will be removed from Python 3.8: use time.perf_counter or time.process_time instead
  cpu_elapsed = time.clock() - start_clock
reference dreme/norc.xml output results/dreme4/dreme.xml
PASSED!

RUN: fasta-center
=================

*******************************************************************************
Test fasta-center1 ...
fasta-center -len 100 -dna < common/Klf1-200.fa 1> results/fasta-center1/fasta-center_GoLlI_stdout 2> log
reference common/Klf1-200-100.no_fasta.fa output results/fasta-center1/fasta-center_GoLlI_stdout
PASSED!

RUN: fasta-dinucleotide-shuffle
===============================

*******************************************************************************
Test fasta-dinucleotide-shuffle1 ...
fasta-dinucleotide-shuffle -f common/Klf1-200-100.fa -t -dinuc 1> results/fasta-dinucleotide-shuffle1/fasta-dinucleotide-shuffle_fTAcI_stdout 2> log
Traceback (most recent call last):
  File "/home/yincp/Desktop/Predictive_for_efhand/src/preprocessing/meme_suite/meme/scripts/fasta-dinucleotide-shuffle", line 6, in <module>
    import alphabet
  File "/home/yincp/Desktop/Predictive_for_efhand/src/preprocessing/meme_suite/meme/scripts/alphabet.py", line 1096, in <module>
    predef = (dna(), rna(), protein())
  File "/home/yincp/Desktop/Predictive_for_efhand/src/preprocessing/meme_suite/meme/scripts/alphabet.py", line 1017, in dna
    factory.parseSymbol('A', "Adenine", 0xCC0000, complement='T')
  File "/home/yincp/Desktop/Predictive_for_efhand/src/preprocessing/meme_suite/meme/scripts/alphabet.py", line 451, in parseSymbol
    if not(isinstance(symbol, basestring) and len(symbol) == 1):
NameError: name 'basestring' is not defined
-------------------------------------------------------------------------------
fasta-dinucleotide-shuffle exited with value 1 indicating failure.
FAILED!

RUN: fimo
=========

*******************************************************************************
Test fimo1 ...
fimo --oc results/fimo1 --motif-pseudo 0.01 fimo/MCM1.meme.html fimo/spiked.fasta &> log
Using motif +TTTCCYDWTTBGGAAATW of width 18.
Using motif -TTTCCYDWTTBGGAAATW of width 18.
Computing q-values.
Estimating pi_0 from a uniformly sampled set of 5298 p-values.
Estimating pi_0.
Estimated pi_0=0.799106
reference fimo/fimo.tsv output results/fimo1/fimo.tsv
PASSED!
*******************************************************************************
Test fimo2 ...
fimo --oc results/fimo2 --motif CGGYGGGG --motif GCATCRGRBSAGA --no-qvalue --thresh 0.01 common/crp0.meme.xml motiph/spiked.fasta &> log
Skipping motif +TKTGANCNABNTCACAHWT.
Skipping motif -TKTGANCNABNTCACAHWT.
Using motif +CGGYGGGG of width 8.
Using motif -CGGYGGGG of width 8.
Using motif +GCATCRGRBSAGA of width 13.
Using motif -GCATCRGRBSAGA of width 13.
reference fimo/fimo-motif23.tsv output results/fimo2/fimo.tsv
PASSED!
*******************************************************************************
Test fimo3 ...
fimo --oc results/fimo3 --psp fimo/GCN4_YPD.psp --prior-dist fimo/prior.dist.txt fimo/GCN4.meme.txt fimo/GCN4_YPD.fasta &> log
Using motif +MA0303.1 of width 21.
Using motif -MA0303.1 of width 21.
Computing q-values.
Estimating pi_0 from a uniformly sampled set of 10000 p-values.
Estimating pi_0.
Estimated pi_0=1
reference fimo/fimo-priors.tsv output results/fimo3/fimo.tsv
PASSED!
*******************************************************************************
Test fimo4 ...
fimo --oc results/fimo4 --parse-genomic-coord --psp fimo/GCN4_YPD-genomic.psp --prior-dist fimo/prior.dist.txt fimo/GCN4.meme.txt fimo/GCN4_YPD-genomic.fasta &> log
Using motif +MA0303.1 of width 21.
Using motif -MA0303.1 of width 21.
Computing q-values.
Estimating pi_0 from a uniformly sampled set of 10000 p-values.
Estimating pi_0.
Estimated pi_0=1
reference fimo/fimo-priors-genomic.tsv output results/fimo4/fimo.tsv
PASSED!

RUN: glam2
==========

*******************************************************************************
Test glam2_1 ...
glam2 -M -r 3 -n 100 -O results/glam2_1 p common/At.s &> log
The output directory 'results/glam2_1' already exists.
Its contents will be overwritten.
Run 1... 406 iterations
Run 2... 445 iterations
Run 3... 400 iterations

  File "/home/yincp/Desktop/Predictive_for_efhand/src/preprocessing/meme_suite/meme/src/glam2html", line 43
    alen = 4
           ^
TabError: inconsistent use of tabs and spaces in indentation
Program glam2html exited with value 1
Warning: failed to convert output to HTML!
  File "/home/yincp/Desktop/Predictive_for_efhand/src/preprocessing/meme_suite/meme/src/glam2psfm", line 17
    print 'ALPHABET= ' + string.upper(''.join(letters))
                     ^
SyntaxError: invalid syntax
Program glam2psfm exited with value 1
Warning: failed to convert output to MEME format motif!
-------------------------------------------------------------------------------
glam2 exited with value 1 indicating failure.
FAILED!

RUN: glam2scan
==============

*******************************************************************************
Test glam2scan1 ...
glam2scan -O results/glam2scan1 p glam2/glam2.txt common/At.s &> log
The output directory 'results/glam2scan1' already exists.
Its contents will be overwritten.
  File "/home/yincp/Desktop/Predictive_for_efhand/src/preprocessing/meme_suite/meme/src/glam2scan2html", line 24
    print '<html>'
                 ^
SyntaxError: Missing parentheses in call to 'print'. Did you mean print('<html>')?
Program glam2scan2html exited with value 1
Warning: failed to convert output to HTML!
-------------------------------------------------------------------------------
glam2scan exited with value 1 indicating failure.
FAILED!

RUN: gomo
=========

*******************************************************************************
Test gomo1 ...
gomo --seed 1 --nostatus --verbosity 1 --oc results/gomo1 --motifs gomo/motif.meme.txt gomo/GO2Gene.map.csv gomo/ama.nozscoring.xml &> log
reference gomo/gomo.smallthreshold.tsv output results/gomo1/gomo.tsv
PASSED!
*******************************************************************************
Test gomo2 ...
gomo --gs --seed 1 --nostatus --verbosity 1 --oc results/gomo2 --motifs gomo/motif.meme.txt gomo/GO2Gene.map.csv gomo/ama.zscoring.xml gomo/ama.nozscoring.xml &> log
reference gomo/gomo.multipleSpecies.tsv output results/gomo2/gomo.tsv
PASSED!

RUN: mast
=========

*******************************************************************************
Test mast1 ...
mast meme/meme.crp0.classic.oops.txt common/crp0.s -oc results/mast1 -nostatus &> log
reference mast/mast.crp0.classic.oops.txt.xml output results/mast1/mast.xml
PASSED!
*******************************************************************************
Test mast2 ...
mast meme/meme.crp0.classic.zoops.xml common/crp0.s -oc results/mast2 -nostatus &> log
reference mast/mast.crp0.classic.zoops.xml.xml output results/mast2/mast.xml
PASSED!
*******************************************************************************
Test mast3 ...
mast meme/meme.crp0.classic.anr.html common/crp0.s -oc results/mast3 -nostatus &> log
reference mast/mast.crp0.classic.anr.html.xml output results/mast3/mast.xml
PASSED!
*******************************************************************************
Test mast4 ...
mast meme/meme.INO_up800.classic.oops.txt common/INO_up800.s -oc results/mast4 -nostatus &> log
reference mast/mast.INO_up800.classic.oops.txt.xml output results/mast4/mast.xml
PASSED!
*******************************************************************************
Test mast5 ...
mast meme/meme.INO_up800.classic.zoops.xml common/INO_up800.s -oc results/mast5 -nostatus &> log
reference mast/mast.INO_up800.classic.zoops.xml.xml output results/mast5/mast.xml
PASSED!
*******************************************************************************
Test mast6 ...
mast meme/meme.INO_up800.classic.anr.html common/INO_up800.s -oc results/mast6 -nostatus &> log
reference mast/mast.INO_up800.classic.anr.html.xml output results/mast6/mast.xml
PASSED!
*******************************************************************************
Test mast7 ...
mast meme/meme.farntrans5.classic.oops.txt common/farntrans5.s -oc results/mast7 -nostatus &> log
reference mast/mast.farntrans5.classic.oops.txt.xml output results/mast7/mast.xml
PASSED!
*******************************************************************************
Test mast8 ...
mast meme/meme.farntrans5.classic.zoops.xml common/farntrans5.s -oc results/mast8 -nostatus &> log
reference mast/mast.farntrans5.classic.zoops.xml.xml output results/mast8/mast.xml
PASSED!
*******************************************************************************
Test mast9 ...
mast meme/meme.farntrans5.classic.anr.html common/farntrans5.s -oc results/mast9 -nostatus &> log
reference mast/mast.farntrans5.classic.anr.html.xml output results/mast9/mast.xml
PASSED!
*******************************************************************************
Test mast10 ...
mast meme/meme.lipocalin.classic.oops.txt common/lipocalin.s -oc results/mast10 -nostatus &> log
reference mast/mast.lipocalin.classic.oops.txt.xml output results/mast10/mast.xml
PASSED!
*******************************************************************************
Test mast11 ...
mast meme/meme.lipocalin.classic.zoops.xml common/lipocalin.s -oc results/mast11 -nostatus &> log
reference mast/mast.lipocalin.classic.zoops.xml.xml output results/mast11/mast.xml
PASSED!
*******************************************************************************
Test mast12 ...
mast meme/meme.lipocalin.classic.anr.html common/lipocalin.s -oc results/mast12 -nostatus &> log
reference mast/mast.lipocalin.classic.anr.html.xml output results/mast12/mast.xml
PASSED!
*******************************************************************************
Test mast13 ...
mast meme/meme.adh.classic.oops.txt common/adh.s -oc results/mast13 -nostatus &> log
reference mast/mast.adh.classic.oops.txt.xml output results/mast13/mast.xml
PASSED!
*******************************************************************************
Test mast14 ...
mast meme/meme.adh.classic.oops.txt - -oc results/mast14 -nostatus -df stdin -dna -seqp < common/mini-drosoph.s &> log
reference mast/mast.adh.classic.oops.mini-drosoph.txt.xml output results/mast14/mast.xml
PASSED!
*******************************************************************************
Test mast15 ...
mast meme/meme.adh.classic.zoops.html common/adh.s -oc results/mast15 -nostatus &> log
reference mast/mast.adh.classic.zoops.html.xml output results/mast15/mast.xml
PASSED!
*******************************************************************************
Test mast16 ...
mast meme/meme.adh.classic.zoops.html - -oc results/mast16 -nostatus -df stdin -dna -seqp < common/mini-drosoph.s &> log
reference mast/mast.adh.classic.zoops.mini-drosoph.html.xml output results/mast16/mast.xml
PASSED!
*******************************************************************************
Test mast17 ...
mast meme/meme.adh.classic.anr.xml common/adh.s -oc results/mast17 -nostatus &> log
reference mast/mast.adh.classic.anr.xml.xml output results/mast17/mast.xml
PASSED!
*******************************************************************************
Test mast18 ...
mast meme/meme.adh.classic.anr.xml - -oc results/mast18 -nostatus -df stdin -dna -seqp < common/mini-drosoph.s &> log
reference mast/mast.adh.classic.anr.mini-drosoph.xml.xml output results/mast18/mast.xml
PASSED!
*******************************************************************************
Test mast19 ...
mast meme/meme.INO_up800.classic.anr.txt common/INO_up800.s -oc results/mast19 -nostatus &> log
reference mast/mast.INO_up800.classic.anr.html.html output results/mast19/mast.html
PASSED!
*******************************************************************************
Test mast20 ...
mast meme/meme.INO_up800.classic.anr.xml common/INO_up800.s -oc results/mast20 -nostatus &> log
reference mast/mast.INO_up800.classic.anr.html.html output results/mast20/mast.html
PASSED!
*******************************************************************************
Test mast21 ...
mast meme/meme.INO_up800.classic.anr.html common/INO_up800.s -oc results/mast21 -nostatus &> log
reference mast/mast.INO_up800.classic.anr.html.html output results/mast21/mast.html
PASSED!

RUN: mcast
==========

*******************************************************************************
Test mcast1 ...
mcast -oc results/mcast1 meme/meme.lex0.zoops.txt common/lex0.s &> log
Creating HMM from motif array.
Building HMM: (0) 1 2-3-4-5-6-7-8-9-10-11-12-13-14-15-16-17-18-19-20-21 | 22-23-24-25-26-27-28-29-30-31-32-33-34-35-36-37-38-39-40-41 | (42)
Reading sequences in blocks of 232558 characters.
Warning: Cannot estimate pi_0 accurately from fewer than 100 p-values.         total p-values = 14. Using pi_zero = 1.0.
User time for computation: 0.002776 seconds
System time for computation: 0 seconds
User time for output: 0.001312 seconds
System time for output: 0 seconds
Total user time: 0.004088 seconds
Total system time: 0 seconds
reference mcast/lex0.zoops.tsv output results/mcast1/mcast.tsv
reference mcast/lex0.zoops.gff output results/mcast1/mcast.gff
reference mcast/lex0.zoops.xml output results/mcast1/mcast.xml
reference mcast/lex0.zoops.cisml output results/mcast1/cisml.xml
reference mcast/lex0.zoops.html output results/mcast1/mcast.html
PASSED!
*******************************************************************************
Test mcast2 ...
mcast -oc results/mcast2 -parse-genomic-coord fimo/GCN4.meme.txt fimo/GCN4_YPD-genomic.fasta &> log
Creating HMM from motif array.
Building HMM: (0) 1 2-3-4-5-6-7-8-9-10-11-12-13-14-15-16-17-18-19-20-21-22 | 23-24-25-26-27-28-29-30-31-32-33-34-35-36-37-38-39-40-41-42-43 | (44)
Reading sequences in blocks of 222222 characters.
Warning: Cannot estimate pi_0 accurately from fewer than 100 p-values.         total p-values = 34. Using pi_zero = 1.0.
User time for computation: 0.009802 seconds
System time for computation: 0 seconds
User time for output: 0.001531 seconds
System time for output: 0 seconds
Total user time: 0.011333 seconds
Total system time: 0 seconds
reference mcast/parse_genomic.tsv output results/mcast2/mcast.tsv
reference mcast/parse_genomic.gff output results/mcast2/mcast.gff
reference mcast/parse_genomic.xml output results/mcast2/mcast.xml
reference mcast/parse_genomic.cisml output results/mcast2/cisml.xml
reference mcast/parse_genomic.html output results/mcast2/mcast.html
PASSED!

RUN: meme
=========

*******************************************************************************
Test meme1 ...
meme -p 5 common/crp0.s -oc results/meme1 -mod oops -dna -revcomp -nmotifs 2 -objfun classic -minw 8 -nostatus &> log
Option '-p' given but Parallel MEME not configured. Running Serial MEME.
reference meme/meme.crp0.classic.oops.txt output results/meme1/meme.txt
reference meme/meme.crp0.classic.oops.html output results/meme1/meme.html
reference meme/meme.crp0.classic.oops.xml output results/meme1/meme.xml
PASSED!
*******************************************************************************
Test meme2 ...
meme -p 5 -minsites 3 -maxsites 17 common/crp0.s -oc results/meme2 -mod zoops -dna -revcomp -nmotifs 2 -objfun classic -minw 8 -nostatus &> log
Option '-p' given but Parallel MEME not configured. Running Serial MEME.
reference meme/meme.crp0.classic.zoops.txt output results/meme2/meme.txt
reference meme/meme.crp0.classic.zoops.html output results/meme2/meme.html
reference meme/meme.crp0.classic.zoops.xml output results/meme2/meme.xml
PASSED!
*******************************************************************************
Test meme3 ...
meme -p 5 -minsites 3 -maxsites 17 common/crp0.s -oc results/meme3 -mod anr -dna -revcomp -nmotifs 2 -objfun classic -minw 8 -nostatus &> log
Option '-p' given but Parallel MEME not configured. Running Serial MEME.
reference meme/meme.crp0.classic.anr.txt output results/meme3/meme.txt
reference meme/meme.crp0.classic.anr.html output results/meme3/meme.html
reference meme/meme.crp0.classic.anr.xml output results/meme3/meme.xml
PASSED!
*******************************************************************************
Test meme4 ...
meme -p 5 common/adh.s -oc results/meme4 -mod oops -protein -nmotifs 2 -objfun classic -minw 8 -nostatus &> log
Option '-p' given but Parallel MEME not configured. Running Serial MEME.
reference meme/meme.adh.classic.oops.txt output results/meme4/meme.txt
reference meme/meme.adh.classic.oops.html output results/meme4/meme.html
reference meme/meme.adh.classic.oops.xml output results/meme4/meme.xml
PASSED!
*******************************************************************************
Test meme5 ...
meme -p 5 -nsites 27 common/adh.s -oc results/meme5 -mod zoops -protein -nmotifs 2 -objfun classic -minw 8 -nostatus &> log
Option '-p' given but Parallel MEME not configured. Running Serial MEME.
reference meme/meme.adh.classic.zoops.txt output results/meme5/meme.txt
reference meme/meme.adh.classic.zoops.html output results/meme5/meme.html
reference meme/meme.adh.classic.zoops.xml output results/meme5/meme.xml
PASSED!
*******************************************************************************
Test meme6 ...
meme -p 5 -nsites 27 common/adh.s -oc results/meme6 -mod anr -protein -nmotifs 2 -objfun classic -minw 8 -nostatus &> log
Option '-p' given but Parallel MEME not configured. Running Serial MEME.
reference meme/meme.adh.classic.anr.txt output results/meme6/meme.txt
reference meme/meme.adh.classic.anr.html output results/meme6/meme.html
reference meme/meme.adh.classic.anr.xml output results/meme6/meme.xml
PASSED!
*******************************************************************************
Test meme7 ...
meme -p 5 -csites 30 common/Klf1-200-100.fa -oc results/meme7 -mod oops -dna -revcomp -brief 0 -nmotifs 2 -objfun classic -minw 8 -nostatus &> log
Option '-p' given but Parallel MEME not configured. Running Serial MEME.
reference meme/meme.Klf1-200-100.classic.oops.txt output results/meme7/meme.txt
reference meme/meme.Klf1-200-100.classic.oops.html output results/meme7/meme.html
reference meme/meme.Klf1-200-100.classic.oops.xml output results/meme7/meme.xml
PASSED!
*******************************************************************************
Test meme8 ...
meme -p 5 -csites 30 common/Klf1-200-100.fa -oc results/meme8 -mod zoops -dna -revcomp -brief 0 -nmotifs 2 -objfun classic -minw 8 -nostatus &> log
Option '-p' given but Parallel MEME not configured. Running Serial MEME.
reference meme/meme.Klf1-200-100.classic.zoops.txt output results/meme8/meme.txt
reference meme/meme.Klf1-200-100.classic.zoops.html output results/meme8/meme.html
reference meme/meme.Klf1-200-100.classic.zoops.xml output results/meme8/meme.xml
PASSED!
*******************************************************************************
Test meme9 ...
meme -p 5 -csites 30 common/Klf1-200-100.fa -oc results/meme9 -mod anr -dna -revcomp -brief 0 -nmotifs 2 -objfun classic -minw 8 -nostatus &> log
Option '-p' given but Parallel MEME not configured. Running Serial MEME.
reference meme/meme.Klf1-200-100.classic.anr.txt output results/meme9/meme.txt
reference meme/meme.Klf1-200-100.classic.anr.html output results/meme9/meme.html
reference meme/meme.Klf1-200-100.classic.anr.xml output results/meme9/meme.xml
PASSED!
*******************************************************************************
Test meme10 ...
meme -p 5 common/crp0.s -oc results/meme10 -mod oops -dna -revcomp -nmotifs 2 -objfun de -w 12 -hsfrac 0.6 -shuf 3 -nostatus &> log
Option '-p' given but Parallel MEME not configured. Running Serial MEME.
reference meme/meme.crp0.de.oops.txt output results/meme10/meme.txt
reference meme/meme.crp0.de.oops.html output results/meme10/meme.html
reference meme/meme.crp0.de.oops.xml output results/meme10/meme.xml
PASSED!
*******************************************************************************
Test meme11 ...
meme -p 5 -minsites 3 -maxsites 17 common/crp0.s -oc results/meme11 -mod zoops -dna -revcomp -nmotifs 2 -objfun de -w 12 -hsfrac 0.6 -shuf 3 -nostatus &> log
Option '-p' given but Parallel MEME not configured. Running Serial MEME.
reference meme/meme.crp0.de.zoops.txt output results/meme11/meme.txt
reference meme/meme.crp0.de.zoops.html output results/meme11/meme.html
reference meme/meme.crp0.de.zoops.xml output results/meme11/meme.xml
PASSED!
*******************************************************************************
Test meme12 ...
meme -p 5 -minsites 3 -maxsites 17 common/crp0.s -oc results/meme12 -mod anr -dna -revcomp -nmotifs 2 -objfun de -w 12 -hsfrac 0.6 -shuf 3 -nostatus &> log
Option '-p' given but Parallel MEME not configured. Running Serial MEME.
reference meme/meme.crp0.de.anr.txt output results/meme12/meme.txt
reference meme/meme.crp0.de.anr.html output results/meme12/meme.html
reference meme/meme.crp0.de.anr.xml output results/meme12/meme.xml
PASSED!
*******************************************************************************
Test meme13 ...
meme -p 5 common/adh.s -oc results/meme13 -mod oops -protein -nmotifs 2 -objfun de -w 12 -hsfrac 0.6 -shuf 3 -nostatus &> log
Option '-p' given but Parallel MEME not configured. Running Serial MEME.
reference meme/meme.adh.de.oops.txt output results/meme13/meme.txt
reference meme/meme.adh.de.oops.html output results/meme13/meme.html
reference meme/meme.adh.de.oops.xml output results/meme13/meme.xml
PASSED!
*******************************************************************************
Test meme14 ...
meme -p 5 -nsites 27 common/adh.s -oc results/meme14 -mod zoops -protein -nmotifs 2 -objfun de -w 12 -hsfrac 0.6 -shuf 3 -nostatus &> log
Option '-p' given but Parallel MEME not configured. Running Serial MEME.
reference meme/meme.adh.de.zoops.txt output results/meme14/meme.txt
reference meme/meme.adh.de.zoops.html output results/meme14/meme.html
reference meme/meme.adh.de.zoops.xml output results/meme14/meme.xml
PASSED!
*******************************************************************************
Test meme15 ...
meme -p 5 -nsites 27 common/adh.s -oc results/meme15 -mod anr -protein -nmotifs 2 -objfun de -w 12 -hsfrac 0.6 -shuf 3 -nostatus &> log
Option '-p' given but Parallel MEME not configured. Running Serial MEME.
reference meme/meme.adh.de.anr.txt output results/meme15/meme.txt
reference meme/meme.adh.de.anr.html output results/meme15/meme.html
reference meme/meme.adh.de.anr.xml output results/meme15/meme.xml
PASSED!
*******************************************************************************
Test meme16 ...
meme -p 5 common/Klf1-200-100.fa -oc results/meme16 -mod oops -dna -revcomp -brief 0 -nmotifs 2 -objfun de -w 12 -hsfrac 0.6 -shuf 3 -nostatus &> log
Option '-p' given but Parallel MEME not configured. Running Serial MEME.
reference meme/meme.Klf1-200-100.de.oops.txt output results/meme16/meme.txt
reference meme/meme.Klf1-200-100.de.oops.html output results/meme16/meme.html
reference meme/meme.Klf1-200-100.de.oops.xml output results/meme16/meme.xml
PASSED!
*******************************************************************************
Test meme17 ...
meme -p 5 common/Klf1-200-100.fa -oc results/meme17 -mod zoops -dna -revcomp -brief 0 -nmotifs 2 -objfun de -w 12 -hsfrac 0.6 -shuf 3 -nostatus &> log
Option '-p' given but Parallel MEME not configured. Running Serial MEME.
reference meme/meme.Klf1-200-100.de.zoops.txt output results/meme17/meme.txt
reference meme/meme.Klf1-200-100.de.zoops.html output results/meme17/meme.html
reference meme/meme.Klf1-200-100.de.zoops.xml output results/meme17/meme.xml
PASSED!
*******************************************************************************
Test meme18 ...
meme -p 5 common/Klf1-200-100.fa -oc results/meme18 -mod anr -dna -revcomp -brief 0 -nmotifs 2 -objfun de -w 12 -hsfrac 0.6 -shuf 3 -nostatus &> log
Option '-p' given but Parallel MEME not configured. Running Serial MEME.
reference meme/meme.Klf1-200-100.de.anr.txt output results/meme18/meme.txt
reference meme/meme.Klf1-200-100.de.anr.html output results/meme18/meme.html
reference meme/meme.Klf1-200-100.de.anr.xml output results/meme18/meme.xml
PASSED!
*******************************************************************************
Test meme_psp ...
meme -p 5 common/psp_test.s -oc results/meme19 -psp common/psp_test.psp -minsites 5 -dna -revcomp -minw 7 -maxw 12 -nostatus -searchsize 0 &> log
Option '-p' given but Parallel MEME not configured. Running Serial MEME.
reference meme/meme.psp_test.classic.zoops.txt output results/meme19/meme.txt
reference meme/meme.psp_test.classic.zoops.html output results/meme19/meme.html
reference meme/meme.psp_test.classic.zoops.xml output results/meme19/meme.xml
PASSED!

RUN: meme-chip
==============

*******************************************************************************
Test meme-chip1 ...
meme-chip -oc results/meme-chip1 -db meme-chip/JASPAR_CORE_2014_vertebrates.meme meme-chip/Klf1.100.fa &> log
Starting getsize: getsize results/meme-chip1/Klf1.100.fa 1> $metrics
getsize ran successfully in 0.002918 seconds
Starting fasta-most: fasta-most -min 50 < results/meme-chip1/Klf1.100.fa 1> $metrics
fasta-most ran successfully in 0.039767 seconds
Starting fasta-center: fasta-center -dna -len 100 < results/meme-chip1/Klf1.100.fa 1> results/meme-chip1/seqs-centered
fasta-center ran successfully in 0.044496 seconds
Starting fasta-shuffle-letters: fasta-shuffle-letters results/meme-chip1/seqs-centered results/meme-chip1/seqs-shuffled -kmer 2 -tag -dinuc -dna -seed 1
fasta-shuffle-letters ran successfully in 0.002788 seconds
Starting fasta-get-markov: fasta-get-markov -nostatus -nosummary -dna -m 1 results/meme-chip1/Klf1.100.fa results/meme-chip1/background
fasta-get-markov ran successfully in 0.002923 seconds
Starting meme: meme results/meme-chip1/seqs-centered -oc results/meme-chip1/meme_out -mod zoops -nmotifs 3 -minw 6 -maxw 30 -bfile results/meme-chip1/background -dna -revcomp -nostatus
meme ran successfully in 23.42935 seconds
Starting dreme: dreme -verbosity 1 -oc results/meme-chip1/dreme_out -png -dna -p results/meme-chip1/seqs-centered -n results/meme-chip1/seqs-shuffled
  File "/home/yincp/Desktop/Predictive_for_efhand/src/preprocessing/meme_suite/meme/scripts/dreme", line 765
    print "Finding secondary RE in left flank..."
                                                ^
SyntaxError: Missing parentheses in call to 'print'. Did you mean print("Finding secondary RE in left flank...")?
dreme exited with error code 1
Starting centrimo: centrimo -seqlen 500 -verbosity 1 -oc results/meme-chip1/centrimo_out -bfile results/meme-chip1/background results/meme-chip1/Klf1.100.fa results/meme-chip1/meme_out/meme.xml meme-chip/JASPAR_CORE_2014_vertebrates.meme
centrimo ran successfully in 0.468603 seconds
Starting tomtom: tomtom -verbosity 1 -oc results/meme-chip1/meme_tomtom_out -min-overlap 5 -dist pearson -evalue -thresh 1 -no-ssc results/meme-chip1/meme_out/meme.xml meme-chip/JASPAR_CORE_2014_vertebrates.meme
tomtom ran successfully in 1.434918 seconds
Starting tomtom: tomtom -verbosity 1 -text -thresh 0.1 results/meme-chip1/combined.meme results/meme-chip1/combined.meme 1> results/meme-chip1/motif_alignment.txt
tomtom ran successfully in 0.108963 seconds
Starting spamo: spamo -verbosity 1 -oc results/meme-chip1/spamo_out_1 -bgfile results/meme-chip1/background -keepprimary -primary WGGGYGTGGY results/meme-chip1/Klf1.100.fa results/meme-chip1/meme_out/meme.xml results/meme-chip1/meme_out/meme.xml meme-chip/JASPAR_CORE_2014_vertebrates.meme
spamo ran successfully in 0.711304 seconds
Starting spamo: spamo -verbosity 1 -oc results/meme-chip1/spamo_out_2 -bgfile results/meme-chip1/background -keepprimary -primary WGCYYCHBCCCTCYC results/meme-chip1/Klf1.100.fa results/meme-chip1/meme_out/meme.xml results/meme-chip1/meme_out/meme.xml meme-chip/JASPAR_CORE_2014_vertebrates.meme
spamo ran successfully in 0.709874 seconds
Starting spamo: spamo -verbosity 1 -oc results/meme-chip1/spamo_out_3 -bgfile results/meme-chip1/background -keepprimary -primary MA0140.2 results/meme-chip1/Klf1.100.fa meme-chip/JASPAR_CORE_2014_vertebrates.meme results/meme-chip1/meme_out/meme.xml meme-chip/JASPAR_CORE_2014_vertebrates.meme
spamo ran successfully in 0.596329 seconds
Starting fimo: fimo --parse-genomic-coord --verbosity 1 --oc results/meme-chip1/fimo_out_1 --bgfile results/meme-chip1/background --motif WGGGYGTGGY results/meme-chip1/meme_out/meme.xml results/meme-chip1/Klf1.100.fa
fimo ran successfully in 0.039556 seconds
Starting fimo: fimo --parse-genomic-coord --verbosity 1 --oc results/meme-chip1/fimo_out_2 --bgfile results/meme-chip1/background --motif WGCYYCHBCCCTCYC results/meme-chip1/meme_out/meme.xml results/meme-chip1/Klf1.100.fa
fimo ran successfully in 0.040853 seconds
Starting fimo: fimo --parse-genomic-coord --verbosity 1 --oc results/meme-chip1/fimo_out_3 --bgfile results/meme-chip1/background --motif MA0140.2 meme-chip/JASPAR_CORE_2014_vertebrates.meme results/meme-chip1/Klf1.100.fa
fimo ran successfully in 0.075896 seconds
Starting meme-chip_html_to_tsv: meme-chip_html_to_tsv results/meme-chip1/meme-chip.html results/meme-chip1/summary.tsv "meme-chip -oc results/meme-chip1 -db meme-chip/JASPAR_CORE_2014_vertebrates.meme meme-chip/Klf1.100.fa" 5.0.5 "Mon Mar 18 20\:12\:19 2019 -0700"
meme-chip_html_to_tsv ran successfully in 0.078255 seconds
reference meme-chip/meme-chip.html output results/meme-chip1/meme-chip.html
-------------------------------------------------------------------------------
A difference was detected between the reference and tested json files.
Got data:programs@7:status=0 but expected data:programs@7:status=256.
reference meme-chip/summary.tsv output results/meme-chip1/summary.tsv
4,11c4,10
< 3	DREME	CACRCCC	DREME-1	CACRCCC	7	27	1.9e-006	DREME	meme-chip/JASPAR_CORE_2014_vertebrates.meme	MA0493.1 (Klf1)	http://jaspar2014.genereg.net?ID=MA0493.1&rm=present&collection=CORE
< 4	meme-chip/JASPAR_CORE_2014_vertebrates.meme	MA0493.1	Klf1	RRCCACACCCW	11	70	6.7e-006	CENTRIMO	 	 	http://jaspar2014.genereg.net?ID=MA0493.1&rm=present&collection=CORE
< 5	meme-chip/JASPAR_CORE_2014_vertebrates.meme	MA0599.1	KLF5	GCCCCDCCCH	10	74	6.9e-005	CENTRIMO	 	 	http://jaspar2014.genereg.net?ID=MA0599.1&rm=present&collection=CORE
< 6	MEME	WGCYYCHBCCCTCYC	MEME-2	WGCYYCHBCCCTCYC	15	30	6.4e-003	MEME	meme-chip/JASPAR_CORE_2014_vertebrates.meme	MA0471.1 (E2F6)	http://jaspar2014.genereg.net?ID=MA0471.1&rm=present&collection=CORE
< 7	meme-chip/JASPAR_CORE_2014_vertebrates.meme	MA0140.2	TAL1::GATA1	MTTATCWSNNNNNHVCAG	18	50	1.9e-002	CENTRIMO	 	 	http://jaspar2014.genereg.net?ID=MA0140.2&rm=present&collection=CORE
< 8	meme-chip/JASPAR_CORE_2014_vertebrates.meme	MA0079.3	SP1	GCCCCKCCCCC	11	56	2.1e-002	CENTRIMO	 	 	http://jaspar2014.genereg.net?ID=MA0079.3&rm=present&collection=CORE
< 9	meme-chip/JASPAR_CORE_2014_vertebrates.meme	MA0035.3	Gata1	TYCTTATCTSY	11	56	2.9e-002	CENTRIMO	 	 	http://jaspar2014.genereg.net?ID=MA0035.3&rm=present&collection=CORE
< 10	meme-chip/JASPAR_CORE_2014_vertebrates.meme	MA0036.2	GATA2	WRDTTCTTATCTSH	14	58	3.3e-002	CENTRIMO	 	 	http://jaspar2014.genereg.net?ID=MA0036.2&rm=present&collection=CORE
---
> 3	meme-chip/JASPAR_CORE_2014_vertebrates.meme	MA0493.1	Klf1	RRCCACACCCW	11	70	6.6e-006	CENTRIMO	 	 	http://jaspar2014.genereg.net?ID=MA0493.1&rm=present&collection=CORE
> 4	meme-chip/JASPAR_CORE_2014_vertebrates.meme	MA0599.1	KLF5	GCCCCDCCCH	10	74	6.8e-005	CENTRIMO	 	 	http://jaspar2014.genereg.net?ID=MA0599.1&rm=present&collection=CORE
> 5	MEME	WGCYYCHBCCCTCYC	MEME-2	WGCYYCHBCCCTCYC	15	30	6.4e-003	MEME	meme-chip/JASPAR_CORE_2014_vertebrates.meme	MA0471.1 (E2F6)	http://jaspar2014.genereg.net?ID=MA0471.1&rm=present&collection=CORE
> 6	meme-chip/JASPAR_CORE_2014_vertebrates.meme	MA0140.2	TAL1::GATA1	MTTATCWSNNNNNHVCAG	18	50	1.9e-002	CENTRIMO	 	 	http://jaspar2014.genereg.net?ID=MA0140.2&rm=present&collection=CORE
> 7	meme-chip/JASPAR_CORE_2014_vertebrates.meme	MA0079.3	SP1	GCCCCKCCCCC	11	56	2.0e-002	CENTRIMO	 	 	http://jaspar2014.genereg.net?ID=MA0079.3&rm=present&collection=CORE
> 8	meme-chip/JASPAR_CORE_2014_vertebrates.meme	MA0035.3	Gata1	TYCTTATCTSY	11	56	2.9e-002	CENTRIMO	 	 	http://jaspar2014.genereg.net?ID=MA0035.3&rm=present&collection=CORE
> 9	meme-chip/JASPAR_CORE_2014_vertebrates.meme	MA0036.2	GATA2	WRDTTCTTATCTSH	14	58	3.3e-002	CENTRIMO	 	 	http://jaspar2014.genereg.net?ID=MA0036.2&rm=present&collection=CORE
reference meme-chip/combined.meme output results/meme-chip1/combined.meme
38,49c38
< MOTIF 3 CACRCCC-DREME-1
< 
< letter-probability matrix: alength= 4 w= 7 nsites= 27 E= 3.0e-003
<   0.000000	  1.000000	  0.000000	  0.000000	
<   1.000000	  0.000000	  0.000000	  0.000000	
<   0.000000	  1.000000	  0.000000	  0.000000	
<   0.666667	  0.000000	  0.333333	  0.000000	
<   0.000000	  1.000000	  0.000000	  0.000000	
<   0.000000	  1.000000	  0.000000	  0.000000	
<   0.000000	  1.000000	  0.000000	  0.000000	
< 
< MOTIF 4 MA0493.1-Klf1
---
> MOTIF 3 MA0493.1-Klf1
64c53
< MOTIF 5 MA0599.1-KLF5
---
> MOTIF 4 MA0599.1-KLF5
78c67
< MOTIF 6 WGCYYCHBCCCTCYC-MEME-2
---
> MOTIF 5 WGCYYCHBCCCTCYC-MEME-2
97c86
< MOTIF 7 MA0140.2-TAL1::GATA1
---
> MOTIF 6 MA0140.2-TAL1::GATA1
119c108
< MOTIF 8 MA0079.3-SP1
---
> MOTIF 7 MA0079.3-SP1
134c123
< MOTIF 9 MA0035.3-Gata1
---
> MOTIF 8 MA0035.3-Gata1
149c138
< MOTIF 10 MA0036.2-GATA2
---
> MOTIF 9 MA0036.2-GATA2
FAILED!

RUN: momo
=========

*******************************************************************************
Test momo1 ...
momo simple --oc results/momo1 --sequence-column sequence momo/small-tide-mod.txt &> log
reference momo/default-no-fasta.txt output results/momo1/momo.txt
reference momo/default-no-fasta.html output results/momo1/momo.html
reference momo/default-no-fasta.tsv output results/momo1/momo.tsv
PASSED!
*******************************************************************************
Test momo2 ...
momo simple --oc results/momo2 --psm-type tide --protein-database momo/small-yeast.fasta --width 11 momo/small-tide-mod.txt &> log
reference momo/default-with-fasta.txt output results/momo2/momo.txt
reference momo/default-with-fasta.html output results/momo2/momo.html
reference momo/default-with-fasta.tsv output results/momo2/momo.tsv
PASSED!
*******************************************************************************
Test momo3 ...
momo simple --oc results/momo3 --psm-type tide --single-motif-per-mass momo/small-tide-mod.txt &> log
reference momo/single-motif-per-mass.txt output results/momo3/momo.txt
reference momo/single-motif-per-mass.html output results/momo3/momo.html
reference momo/single-motif-per-mass.tsv output results/momo3/momo.tsv
PASSED!
*******************************************************************************
Test momo4 ...
momo simple --oc results/momo4 --psm-type tide --protein-database momo/small-yeast.fasta --width 11 --hash-fasta 0 momo/small-tide-mod.txt &> log
reference momo/default-with-fasta.txt output results/momo4/momo.txt
reference momo/default-with-fasta.html output results/momo4/momo.html
reference momo/default-with-fasta.tsv output results/momo4/momo.tsv
PASSED!
*******************************************************************************
Test momo5 ...
momo simple --oc results/momo5 --psm-type tide --eliminate-repeats 3 --protein-database momo/small-yeast.fasta momo/small-tide-mod.txt &> log
reference momo/elim3.txt output results/momo5/momo.txt
reference momo/elim3.html output results/momo5/momo.html
reference momo/elim3.tsv output results/momo5/momo.tsv
PASSED!
*******************************************************************************
Test momo6 ...
momo simple --oc results/momo6 --psm-type tide --eliminate-repeats 0 momo/small-tide-mod.txt &> log
reference momo/elim0.txt output results/momo6/momo.txt
reference momo/elim0.html output results/momo6/momo.html
reference momo/elim0.tsv output results/momo6/momo.tsv
PASSED!
*******************************************************************************
Test momo7 ...
momo simple --oc results/momo7 --psm-type tide --filter "xcorr rank,le,3" momo/small-tide-mod.txt &> log
reference momo/filterxcorrrankle3.txt output results/momo7/momo.txt
reference momo/filterxcorrrankle3.html output results/momo7/momo.html
reference momo/filterxcorrrankle3.tsv output results/momo7/momo.tsv
PASSED!
*******************************************************************************
Test momo8 ...
momo simple --oc results/momo8 --protein-database momo/small-yeast.fasta momo/small-tide-mod-phospho.txt &> log
reference momo/default-with-fasta-no-mass-in-motif-names-raw.txt output results/momo8/momo.txt
reference momo/default-with-fasta-no-mass-in-motif-names-raw.html output results/momo8/momo.html
reference momo/default-with-fasta-no-mass-in-motif-names-raw.tsv output results/momo8/momo.tsv
PASSED!
*******************************************************************************
Test momo9 ...
momo simple --oc results/momo9 --protein-database momo/small-yeast.fasta momo/small-tide-mod-phospho.fasta &> log
reference momo/default-with-fasta-no-mass-in-motif-names-fasta.txt output results/momo9/momo.txt
reference momo/default-with-fasta-no-mass-in-motif-names-fasta.html output results/momo9/momo.html
reference momo/default-with-fasta-no-mass-in-motif-names-fasta.tsv output results/momo9/momo.tsv
PASSED!
*******************************************************************************
Test momo10 ...
momo simple --oc results/momo10 --psm-type tide momo/small-tide-mod-1-out-of-2.txt momo/small-tide-mod-2-out-of-2.txt &> log
reference momo/default-no-fasta-multi.txt output results/momo10/momo.txt
reference momo/default-no-fasta-multi.html output results/momo10/momo.html
reference momo/default-no-fasta-multi.tsv output results/momo10/momo.tsv
PASSED!
*******************************************************************************
Test momo11 ...
momo motifx --oc results/momo11 --psm-type tide --protein-database momo/small-yeast.fasta --score-threshold 0.05 --min-occurrences 1 --harvard --seed 273 momo/small-tide-mod.txt &> log
reference momo/mtfx-s0.05-c1.txt output results/momo11/momo.txt
reference momo/mtfx-s0.05-c1.html output results/momo11/momo.html
reference momo/mtfx-s0.05-c1.tsv output results/momo11/momo.tsv
PASSED!
*******************************************************************************
Test momo12 ...
momo motifx --oc results/momo12 --psm-type tide --db-background --protein-database momo/small-yeast.fasta --score-threshold 0.05 --min-occurrences 1 --single-motif-per-mass --harvard momo/small-tide-mod.txt &> log
reference momo/mtfx-s0.05-c1-smpmT.txt output results/momo12/momo.txt
reference momo/mtfx-s0.05-c1-smpmT.html output results/momo12/momo.html
reference momo/mtfx-s0.05-c1-smpmT.tsv output results/momo12/momo.tsv
PASSED!
*******************************************************************************
Test momo13 ...
momo motifx --oc results/momo13 --db-background --protein-database momo/small-yeast.fasta --score-threshold 0.05 --min-occurrences 1 momo/small-tide-mod-phospho.txt &> log
reference momo/mtfx-s0.05-c1-no-mass-in-motif-names.txt output results/momo13/momo.txt
reference momo/mtfx-s0.05-c1-no-mass-in-motif-names.html output results/momo13/momo.html
reference momo/mtfx-s0.05-c1-no-mass-in-motif-names.tsv output results/momo13/momo.tsv
PASSED!
*******************************************************************************
Test momo14 ...
momo motifx --oc results/momo14 --db-background --protein-database momo/small-yeast-prealigned-no-unknowns.txt --score-threshold 0.05 --min-occurrences 1 momo/small-tide-mod-phospho.txt &> log
reference momo/mtfx-s0.05-c1-no-mass-in-motif-names-bg-kmers-only-bgfreqs.txt output results/momo14/momo.txt
reference momo/mtfx-s0.05-c1-no-mass-in-motif-names-bg-kmers-only-bgfreqs.html output results/momo14/momo.html
reference momo/mtfx-s0.05-c1-no-mass-in-motif-names-bg-kmers-only-bgfreqs.tsv output results/momo14/momo.tsv
PASSED!
*******************************************************************************
Test momo15 ...
momo simple --oc results/momo15 --psm-type ms-gf+ --sequence-column Peptide momo/small-msgf-mod.txt &> log
reference momo/default-msgf-no-fasta.txt output results/momo15/momo.txt
reference momo/default-msgf-no-fasta.html output results/momo15/momo.html
reference momo/default-msgf-no-fasta.tsv output results/momo15/momo.tsv
PASSED!
*******************************************************************************
Test momo16 ...
momo simple --oc results/momo16 --psm-type comet --sequence-column "modified sequence" momo/small-comet-mod.txt &> log
reference momo/default-comet-no-fasta.txt output results/momo16/momo.txt
reference momo/default-comet-no-fasta.html output results/momo16/momo.html
reference momo/default-comet-no-fasta.tsv output results/momo16/momo.tsv
PASSED!
*******************************************************************************
Test momo17 ...
momo modl --oc results/momo17 --psm-type tide --protein-database momo/small-yeast.fasta momo/small-tide-mod.txt &> log
reference momo/modl-default.txt output results/momo17/momo.txt
reference momo/modl-default.html output results/momo17/momo.html
reference momo/modl-default.tsv output results/momo17/momo.tsv
PASSED!
*******************************************************************************
Test momo18 ...
momo modl --oc results/momo18 --psm-type tide --db-background --remove-unknowns T --protein-database momo/small-yeast.fasta momo/small-tide-mod.txt &> log
reference momo/modl-db-background.txt output results/momo18/momo.txt
reference momo/modl-db-background.html output results/momo18/momo.html
reference momo/modl-db-background.tsv output results/momo18/momo.tsv
PASSED!

RUN: motiph
===========

*******************************************************************************
Test motiph1 ...
motiph --seed 0 --bg 2 --pseudocount 0.01 --oc results/motiph1 motiph/spiked.aln motiph/yeast.tree motiph/MCM1.meme.html &> log
Using motif +1 of width 13.
Read alignment from motiph/spiked.aln.
Trimmed tree: (Sbay:0.33300,(Smik:0.21600,(Spar:0.10500,Scer:0.14600):0.07700):0.08600);
Computing q-values.
Estimating pi_0 from all 879 observed p-values.
Estimating pi_0.
Estimated pi_0=0.859743
Using motif -1 of width 13.
Read alignment from motiph/spiked.aln.
Trimmed tree: (Sbay:0.33300,(Smik:0.21600,(Spar:0.10500,Scer:0.14600):0.07700):0.08600);
Computing q-values.
Estimating pi_0 from all 879 observed p-values.
Estimating pi_0.
Estimated pi_0=0.812612
Total number of positions scored: 1758
reference motiph/motiph.gff output results/motiph1/motiph.txt
PASSED!
*******************************************************************************
Test motiph2 ...
motiph --seed 0 --bg 2 --pseudocount 0.01 --oc results/motiph2 --output-pthresh 1 --motif CGGYGGGG --motif GCATCRGRBSAGA motiph/spiked.aln motiph/yeast.tree common/crp0.meme.html &> log
Using motif +CGGYGGGG of width 8.
Read alignment from motiph/spiked.aln.
Trimmed tree: (Sbay:0.33300,(Smik:0.21600,(Spar:0.10500,Scer:0.14600):0.07700):0.08600);
Computing q-values.
Estimating pi_0 from all 1243 observed p-values.
Estimating pi_0.
Estimated pi_0=1
Using motif -CGGYGGGG of width 8.
Read alignment from motiph/spiked.aln.
Trimmed tree: (Sbay:0.33300,(Smik:0.21600,(Spar:0.10500,Scer:0.14600):0.07700):0.08600);
Computing q-values.
Estimating pi_0 from all 1243 observed p-values.
Estimating pi_0.
Estimated pi_0=1
Using motif +GCATCRGRBSAGA of width 13.
Read alignment from motiph/spiked.aln.
Trimmed tree: (Sbay:0.33300,(Smik:0.21600,(Spar:0.10500,Scer:0.14600):0.07700):0.08600);
Computing q-values.
Estimating pi_0 from all 879 observed p-values.
Estimating pi_0.
Estimated pi_0=0.976836
Using motif -GCATCRGRBSAGA of width 13.
Read alignment from motiph/spiked.aln.
Trimmed tree: (Sbay:0.33300,(Smik:0.21600,(Spar:0.10500,Scer:0.14600):0.07700):0.08600);
Computing q-values.
Estimating pi_0 from all 879 observed p-values.
Estimating pi_0.
Estimated pi_0=0.993591
Total number of positions scored: 4244
reference motiph/motiph-motif23.gff output results/motiph2/motiph.txt
PASSED!

RUN: pspgen
===========

*******************************************************************************
Test psp-gen1 ...
psp-gen -revcomp -pos psp-gen/one-peak-dna.fasta -neg psp-gen/all-A.fasta 1> results/pspgen1/psp-gen_6sRJK_stdout 2> log
reference psp-gen/one-peak-dna-revcomp.psp output results/pspgen1/psp-gen_6sRJK_stdout
PASSED!
*******************************************************************************
Test psp-gen2 ...
psp-gen -protein -maxrange -triples -pos psp-gen/one-peak-protein.fasta -neg psp-gen/all-A.fasta 1> results/pspgen2/psp-gen_ZsVSo_stdout 2> log
reference psp-gen/one-peak-protein.psp output results/pspgen2/psp-gen_ZsVSo_stdout
PASSED!
*******************************************************************************
Test psp-gen3 ...
psp-gen -alph common/extended_dna.alph -revcomp -pos psp-gen/one-peak-dna.fasta -neg psp-gen/all-A.fasta 1> results/pspgen1/psp-gen_HUSCY_stdout 2> log
reference psp-gen/one-peak-dna-revcomp.psp output results/pspgen1/psp-gen_HUSCY_stdout
PASSED!

RUN: qvalue
===========

*******************************************************************************
Test qvalue1 ...
qvalue --header 1 --append --column 2 --seed 7718 qvalue/uniform.txt 1> results/qvalue1/qvalue_VNAUS_stdout 2> log
Read 1000 values from qvalue/uniform.txt.
reference qvalue/uniform.out output results/qvalue1/qvalue_VNAUS_stdout
PASSED!
*******************************************************************************
Test qvalue2 ...
qvalue --null qvalue/null.txt qvalue/observed.txt 1> results/qvalue2/qvalue_mUKY__stdout 2> log
Read 5 values from qvalue/observed.txt.
Read 10 values from qvalue/null.txt.
Converting scores to p-values.
reference qvalue/observed.out output results/qvalue2/qvalue_mUKY__stdout
PASSED!

RUN: spamo
==========

*******************************************************************************
Test spamo1 ...
spamo -oc results/spamo1 -verbosity 1 -margin 20 -shared 1 -bgfile --uniform-- spamo/limits.fasta spamo/primary.meme spamo/secondary.meme &> log
reference spamo/limits.html output results/spamo1/spamo.html
reference spamo/limits.tsv output results/spamo1/spamo.tsv
PASSED!
*******************************************************************************
Test spamo2 ...
spamo -oc results/spamo2 -verbosity 1 -margin 20 -shared 1 -bgfile --motif-- spamo/random.fasta spamo/primary.meme spamo/secondary.meme &> log
reference spamo/random.html output results/spamo2/spamo.html
reference spamo/random.tsv output results/spamo2/spamo.tsv
PASSED!
*******************************************************************************
Test spamo3 ...
spamo -oc results/spamo3 -verbosity 3 -xalph -primary TGCm1C -keepprimary -margin 20 -shared 1 -inc MA00\* -inc T\* -exc MA007\* common/dna_with_covalent.fa common/dna_with_covalent.meme common/Jaspar-subset.meme common/dna_with_covalent.meme common/dna_with_covalent.meme &> log
The output directory 'results/spamo3' already exists.
Its contents will be overwritten.
Loading Primary Motif (name=TGCm1C)
Loading All Sequences
Loaded 2499 Sequences
Determining Best Primary Matches
Eliminating Sequences Without Primary Matches
Eliminated 1553 Sequences Without Primary Match
Trimming Sequences
Freeing Unneeded Sequences
Loading Secondary Motifs from file 'common/Jaspar-subset.meme'
Discarding motif 'MA0140.1' in 'common/Jaspar-subset.meme' because it did not match any -inc pattern.
Discarding motif 'MA0079.1' in 'common/Jaspar-subset.meme' it matched an -exc pattern.
Discarding motif 'MA0079.2' in 'common/Jaspar-subset.meme' it matched an -exc pattern.
Discarding motif 'MA0163.1' in 'common/Jaspar-subset.meme' because it did not match any -inc pattern.
Discarding motif 'MA0270.1' in 'common/Jaspar-subset.meme' because it did not match any -inc pattern.
Discarding motif 'MA0300.1' in 'common/Jaspar-subset.meme' because it did not match any -inc pattern.
Discarding motif 'MA0309.1' in 'common/Jaspar-subset.meme' because it did not match any -inc pattern.
Discarding motif 'MA0443.1' in 'common/Jaspar-subset.meme' because it did not match any -inc pattern.
Loading Secondary Motifs from file 'common/dna_with_covalent.meme'
Discarding motif 'CCTTCC' in 'common/dna_with_covalent.meme' because it did not match any -inc pattern.
Discarding motif 'GCAGCA' in 'common/dna_with_covalent.meme' because it did not match any -inc pattern.
Discarding motif 'GCAm1C' in 'common/dna_with_covalent.meme' because it did not match any -inc pattern.
Discarding motif 'GCAm7C' in 'common/dna_with_covalent.meme' because it did not match any -inc pattern.
Discarding motif 'GCm1C1' in 'common/dna_with_covalent.meme' because it did not match any -inc pattern.
Discarding motif 'Gm1TGC' in 'common/dna_with_covalent.meme' because it did not match any -inc pattern.
Discarding motif 'Gm7GCA' in 'common/dna_with_covalent.meme' because it did not match any -inc pattern.
Discarding motif 'TGCmGC' in file 'common/dna_with_covalent.meme' (non-unique ID).
Warning: The following secondary motifs in 'common/dna_with_covalent.meme' were excluded as they didn't fit in the margin:
   Tm1m1m1m1m1m1m1m1m1m1m1m1
Loading Secondary Motifs from file 'common/dna_with_covalent.meme'
Discarding motif 'CCTTCC' in 'common/dna_with_covalent.meme' because it did not match any -inc pattern.
Discarding motif 'GCAGCA' in 'common/dna_with_covalent.meme' because it did not match any -inc pattern.
Discarding motif 'GCAm1C' in 'common/dna_with_covalent.meme' because it did not match any -inc pattern.
Discarding motif 'GCAm7C' in 'common/dna_with_covalent.meme' because it did not match any -inc pattern.
Discarding motif 'GCm1C1' in 'common/dna_with_covalent.meme' because it did not match any -inc pattern.
Discarding motif 'Gm1TGC' in 'common/dna_with_covalent.meme' because it did not match any -inc pattern.
Discarding motif 'Gm7GCA' in 'common/dna_with_covalent.meme' because it did not match any -inc pattern.
Discarding motif 'TGCmGC' in file 'common/dna_with_covalent.meme' (non-unique ID).
Warning: The following duplicate secondary motifs in 'common/dna_with_covalent.meme' were excluded:
   TGCmGC TGCm1C
Warning: The following secondary motifs in 'common/dna_with_covalent.meme' were excluded as they didn't fit in the margin:
   Tm1m1m1m1m1m1m1m1m1m1m1m1
Scanning For Secondary Matches
Scanned 20% Scanned 40% Scanned 60% Scanned 80% Scanned 100% 
Sorting Significant Secondary Motifs
Grouping Redundant Secondary Motifs
Outputting TSV
run_time cpu=  0.12 real=  1.00
reference spamo/dna_with_covalent.html output results/spamo3/spamo.html
reference spamo/dna_with_covalent.tsv output results/spamo3/spamo.tsv
PASSED!
*******************************************************************************
Test spamo4 ...
spamo -oc results/spamo4 -verbosity 1 -margin 20 -shared 1 -bgfile --uniform-- -dumpseqs -primary MA0039.2 -keepprimary -inc MA0039.2 -inc MA0140.1 common/Klf1.fa common/Jaspar-subset.meme common/Jaspar-subset.meme &> log
reference spamo/dumpseqs.html output results/spamo4/spamo.html
reference spamo/dumpseqs.tsv output results/spamo4/spamo.tsv
reference spamo/dumpseqs.seqs_MA0039.2_db1_MA0039.2.tsv output results/spamo4/seqs_MA0039.2_db1_MA0039.2.tsv
reference spamo/dumpseqs.seqs_MA0039.2_db1_MA0140.1.tsv output results/spamo4/seqs_MA0039.2_db1_MA0140.1.tsv
PASSED!

RUN: tomtom
===========

*******************************************************************************
Test tomtom1 ...
tomtom -oc results/tomtom1 -verbosity 1 -evalue -thresh 10 -m TGCm1C -mi 3 -xalph -bfile common/dna_with_covalent.bg -dist allr common/dna_with_covalent.meme common/dna_with_covalent.meme common/Jaspar-subset.meme &> log
reference tomtom/tomtom.dna_with_covalent.tsv output results/tomtom1/tomtom.tsv
reference tomtom/tomtom.dna_with_covalent.html output results/tomtom1/tomtom.html
PASSED!
*******************************************************************************
Test tomtom_allr ...
tomtom -verbosity 1 -dist allr -oc results/tomtom2 -incomplete-scores common/sample.meme common/sample.meme &> log
reference tomtom/tomtom.out.allr.tsv output results/tomtom2/tomtom.tsv
reference tomtom/tomtom.out.allr.html output results/tomtom2/tomtom.html
PASSED!
*******************************************************************************
Test tomtom_ed ...
tomtom -verbosity 1 -dist ed -oc results/tomtom3 -incomplete-scores common/sample.meme common/sample.meme &> log
reference tomtom/tomtom.out.ed.tsv output results/tomtom3/tomtom.tsv
reference tomtom/tomtom.out.ed.html output results/tomtom3/tomtom.html
PASSED!
*******************************************************************************
Test tomtom_kullback ...
tomtom -verbosity 1 -dist kullback -oc results/tomtom4 -incomplete-scores common/sample.meme common/sample.meme &> log
reference tomtom/tomtom.out.kullback.tsv output results/tomtom4/tomtom.tsv
reference tomtom/tomtom.out.kullback.html output results/tomtom4/tomtom.html
PASSED!
*******************************************************************************
Test tomtom_pearson ...
tomtom -verbosity 1 -dist pearson -oc results/tomtom5 -incomplete-scores common/sample.meme common/sample.meme &> log
reference tomtom/tomtom.out.pearson.tsv output results/tomtom5/tomtom.tsv
reference tomtom/tomtom.out.pearson.html output results/tomtom5/tomtom.html
PASSED!
*******************************************************************************
Test tomtom_sandelin ...
tomtom -verbosity 1 -dist sandelin -oc results/tomtom6 -incomplete-scores common/sample.meme common/sample.meme &> log
reference tomtom/tomtom.out.sandelin.tsv output results/tomtom6/tomtom.tsv
reference tomtom/tomtom.out.sandelin.html output results/tomtom6/tomtom.html
PASSED!
*******************************************************************************
Test tomtom_blic1 ...
tomtom -verbosity 1 -dist blic1 -oc results/tomtom7 -incomplete-scores common/sample.meme common/sample.meme &> log
reference tomtom/tomtom.out.blic1.tsv output results/tomtom7/tomtom.tsv
reference tomtom/tomtom.out.blic1.html output results/tomtom7/tomtom.html
PASSED!
*******************************************************************************
Test tomtom_blic5 ...
tomtom -verbosity 1 -dist blic5 -oc results/tomtom8 -incomplete-scores common/sample.meme common/sample.meme &> log
reference tomtom/tomtom.out.blic5.tsv output results/tomtom8/tomtom.tsv
reference tomtom/tomtom.out.blic5.html output results/tomtom8/tomtom.html
PASSED!
*******************************************************************************
Test tomtom_allr_cs ...
tomtom -verbosity 1 -dist allr -oc results/tomtom9 common/sample.meme common/sample.meme &> log
reference tomtom/tomtom.complete.out.allr.tsv output results/tomtom9/tomtom.tsv
reference tomtom/tomtom.complete.out.allr.html output results/tomtom9/tomtom.html
PASSED!
*******************************************************************************
Test tomtom_ed_cs ...
tomtom -verbosity 1 -dist ed -oc results/tomtom10 common/sample.meme common/sample.meme &> log
reference tomtom/tomtom.complete.out.ed.tsv output results/tomtom10/tomtom.tsv
reference tomtom/tomtom.complete.out.ed.html output results/tomtom10/tomtom.html
PASSED!
*******************************************************************************
Test tomtom_kullback_cs ...
tomtom -verbosity 1 -dist kullback -oc results/tomtom11 common/sample.meme common/sample.meme &> log
reference tomtom/tomtom.complete.out.kullback.tsv output results/tomtom11/tomtom.tsv
reference tomtom/tomtom.complete.out.kullback.html output results/tomtom11/tomtom.html
PASSED!
*******************************************************************************
Test tomtom_pearson_cs ...
tomtom -verbosity 1 -dist pearson -oc results/tomtom12 common/sample.meme common/sample.meme &> log
reference tomtom/tomtom.complete.out.pearson.tsv output results/tomtom12/tomtom.tsv
reference tomtom/tomtom.complete.out.pearson.html output results/tomtom12/tomtom.html
PASSED!
*******************************************************************************
Test tomtom_sandelin_cs ...
tomtom -verbosity 1 -dist sandelin -oc results/tomtom13 common/sample.meme common/sample.meme &> log
reference tomtom/tomtom.complete.out.sandelin.tsv output results/tomtom13/tomtom.tsv
reference tomtom/tomtom.complete.out.sandelin.html output results/tomtom13/tomtom.html
PASSED!
*******************************************************************************
Test tomtom_blic1_cs ...
tomtom -verbosity 1 -dist blic1 -oc results/tomtom14 common/sample.meme common/sample.meme &> log
reference tomtom/tomtom.complete.out.blic1.tsv output results/tomtom14/tomtom.tsv
reference tomtom/tomtom.complete.out.blic1.html output results/tomtom14/tomtom.html
PASSED!
*******************************************************************************
Test tomtom_blic5_cs ...
tomtom -verbosity 1 -dist blic5 -oc results/tomtom15 common/sample.meme common/sample.meme &> log
reference tomtom/tomtom.complete.out.blic5.tsv output results/tomtom15/tomtom.tsv
reference tomtom/tomtom.complete.out.blic5.html output results/tomtom15/tomtom.html
PASSED!

